./notebooks/notebook.ipynb - Failed - 2023-02-23 09:06:47.416524
./notebooks/notebook2.ipynb - Failed - 2023-02-23 09:06:47.416534
./notebooks/notebook.ipynb - Failed - 2023-02-23 09:09:06.433388
./notebooks/notebook2.ipynb - Failed - 2023-02-23 09:09:06.433402
./notebooks/notebook.ipynb - Failed - 2023-02-23 09:11:53.557410
./notebooks/notebook2.ipynb - Failed - 2023-02-23 09:11:53.557422
./notebooks/notebook.ipynb - Failed - 2023-02-23 09:12:37.630647
./notebooks/notebook2.ipynb - Failed - 2023-02-23 09:12:37.630662
./notebooks/notebook.ipynb - Failed - 2023-02-23 09:13:19.905029
./notebooks/notebook2.ipynb - Failed - 2023-02-23 09:13:19.905035
./notebooks/notebook.ipynb - Failed - 2023-02-23 09:16:12.231876
./notebooks/notebook2.ipynb - Failed - 2023-02-23 09:16:12.231881
./notebooks/notebook.ipynb - Success - 2023-02-23 09:16:55.983088
./notebooks/notebook2.ipynb - Success - 2023-02-23 09:16:55.983100
./notebooks/notebook.ipynb - Success - 2023-02-23 09:25:33.108697
./notebooks/notebook2.ipynb - Success - 2023-02-23 09:25:33.108708
./notebooks/notebook.ipynb - Success - 2023-02-23 09:25:46.899793
./notebooks/notebook2.ipynb - Success - 2023-02-23 09:25:46.899802
./notebooks/notebook.ipynb - Success - 2023-02-23 09:27:22.317172
./notebooks/notebook2.ipynb - Success - 2023-02-23 09:27:22.317179
./notebooks/notebook.ipynb - Success - 2023-02-23 09:30:28.518982
./notebooks/notebook2.ipynb - Success - 2023-02-23 09:30:28.518991
./notebooks/notebook.ipynb - Success - 2023-02-23 09:30:41.889361
./notebooks/notebook2.ipynb - Success - 2023-02-23 09:30:41.889371
./notebooks/notebook.ipynb - Success - 2023-02-23 09:30:59.940870
./notebooks/notebook2.ipynb - Success - 2023-02-23 09:30:59.940878
./notebooks/notebook.ipynb - Success - 2023-02-23 09:31:28.683438
./notebooks/notebook2.ipynb - Success - 2023-02-23 09:31:28.683445
./notebooks/notebook.ipynb - Success - 2023-02-23 09:36:24.502898
./notebooks/notebook2.ipynb - Success - 2023-02-23 09:36:24.502909
./notebooks/notebook.ipynb - Success - 2023-02-23 09:36:46.594548
./notebooks/notebook2.ipynb - Success - 2023-02-23 09:36:46.594562
./notebooks/notebookERROR.ipynb - Failed - 2023-02-23 09:36:46.594564
