./notebooks/notebook.ipynb - Success - 2023-02-23 10:58:50.982794
./notebooks/notebook2.ipynb - Success - 2023-02-23 10:58:50.982801
./notebooks/notebookERROR.ipynb - Failed - 2023-02-23 10:58:50.982804
./notebooks/notebook.ipynb - Success - 2023-02-23 10:59:06.699678
./notebooks/notebook2.ipynb - Success - 2023-02-23 10:59:06.699686
./notebooks/notebookERROR.ipynb - Failed - 2023-02-23 10:59:06.699688
========================================
./notebooks/notebook.ipynb - Success - 2023-02-23 11:01:06.536715
./notebooks/notebook2.ipynb - Success - 2023-02-23 11:01:06.536722
./notebooks/notebookERROR.ipynb - Failed - 2023-02-23 11:01:06.536724
==================================================================================
./notebooks/notebook.ipynb - Success - 2023-02-23 11:01:35.578540
./notebooks/notebook2.ipynb - Success - 2023-02-23 11:01:35.578549
./notebooks/notebookERROR.ipynb - Failed - 2023-02-23 11:01:35.578551
==================================================================================
./notebooks/notebook.ipynb - Success - 2023-02-23 11:02:45.975169
./notebooks/notebook2.ipynb - Success - 2023-02-23 11:02:45.975176
./notebooks/notebook4.ipynb - Success - 2023-02-23 11:02:45.975178
./notebooks/notebookERROR.ipynb - Failed - 2023-02-23 11:02:45.975180
==================================================================================
./notebooks/notebook.ipynb - Success - 2023-02-23 11:03:19.998287
./notebooks/notebook2.ipynb - Success - 2023-02-23 11:03:19.998294
./notebooks/notebook4.ipynb - Success - 2023-02-23 11:03:19.998299
./notebooks/notebookERROR.ipynb - Failed - 2023-02-23 11:03:19.998301
